<?xml version="1.0" encoding="UTF-8"?>
<!-- Generated by org.testng.reporters.JUnitReportReporter -->
<testsuite skipped="0" hostname="DESKTOP-EAQ3151" name="d_convertingandparsingjson_JSONOBJECT.ConvertingJavaObjectToJsonObject_Marshalling" tests="1" failures="0" timestamp="21 Jan 2019 05:40:09 GMT" time="0.031" errors="0">
  <testcase name="javaobject2jsonobject" time="0.031" classname="d_convertingandparsingjson_JSONOBJECT.ConvertingJavaObjectToJsonObject_Marshalling"/>
</testsuite> <!-- d_convertingandparsingjson_JSONOBJECT.ConvertingJavaObjectToJsonObject_Marshalling -->
