<?xml version="1.0" encoding="UTF-8"?>
<!-- Generated by org.testng.reporters.JUnitReportReporter -->
<testsuite skipped="0" hostname="DESKTOP-EAQ3151" name="e_convertingandparsingjson_JACKSON_OBJECTMAPPER.ConvertingJsonObjectToJavaObject_Unmarshalling" tests="1" failures="0" timestamp="24 Jan 2019 19:27:49 GMT" time="0.832" errors="0">
  <testcase name="jsonobject2javaobject" time="0.832" classname="e_convertingandparsingjson_JACKSON_OBJECTMAPPER.ConvertingJsonObjectToJavaObject_Unmarshalling"/>
</testsuite> <!-- e_convertingandparsingjson_JACKSON_OBJECTMAPPER.ConvertingJsonObjectToJavaObject_Unmarshalling -->
