<?xml version="1.0" encoding="UTF-8"?>
<!-- Generated by org.testng.reporters.JUnitReportReporter -->
<testsuite skipped="0" hostname="DESKTOP-EAQ3151" name="d_convertingandparsingjson_JSONOBJECT.ConvertingJsonObjectToJavaObject_Unmarshalling" tests="1" failures="0" timestamp="21 Jan 2019 05:40:31 GMT" time="0.046" errors="0">
  <testcase name="jsonobject2javaobject" time="0.046" classname="d_convertingandparsingjson_JSONOBJECT.ConvertingJsonObjectToJavaObject_Unmarshalling"/>
</testsuite> <!-- d_convertingandparsingjson_JSONOBJECT.ConvertingJsonObjectToJavaObject_Unmarshalling -->
