<?xml version="1.0" encoding="UTF-8"?>
<!-- Generated by org.testng.reporters.JUnitReportReporter -->
<testsuite skipped="0" hostname="DESKTOP-EAQ3151" name="b_covertingandparsingjson_GSON.ConvertingJavaObjectToJsonObject_Marshalling" tests="1" failures="0" timestamp="20 Jan 2019 13:19:58 GMT" time="0.125" errors="0">
  <testcase name="javaobject2jsonobject" time="0.125" classname="b_covertingandparsingjson_GSON.ConvertingJavaObjectToJsonObject_Marshalling"/>
</testsuite> <!-- b_covertingandparsingjson_GSON.ConvertingJavaObjectToJsonObject_Marshalling -->
