<?xml version="1.0" encoding="UTF-8"?>
<!-- Generated by org.testng.reporters.JUnitReportReporter -->
<testsuite skipped="0" hostname="DESKTOP-EAQ3151" name="e_convertingandparsingjson_JACKSON_OBJECTMAPPER.ConvertingJavaObjectToJsonObject_Marshalling" tests="1" failures="0" timestamp="25 Jan 2019 17:48:34 GMT" time="0.472" errors="0">
  <testcase name="javaobject2jsonobject" time="0.472" classname="e_convertingandparsingjson_JACKSON_OBJECTMAPPER.ConvertingJavaObjectToJsonObject_Marshalling"/>
</testsuite> <!-- e_convertingandparsingjson_JACKSON_OBJECTMAPPER.ConvertingJavaObjectToJsonObject_Marshalling -->
