<?xml version="1.0" encoding="UTF-8"?>
<!-- Generated by org.testng.reporters.JUnitReportReporter -->
<testsuite skipped="0" hostname="DESKTOP-EAQ3151" name="b_covertingandparsingjson_GSON.ConvertingJsonObjectToJavaObject_Unmarshalling" tests="1" failures="0" timestamp="20 Jan 2019 13:22:06 GMT" time="0.110" errors="0">
  <testcase name="jsonobject2javaobject" time="0.110" classname="b_covertingandparsingjson_GSON.ConvertingJsonObjectToJavaObject_Unmarshalling"/>
</testsuite> <!-- b_covertingandparsingjson_GSON.ConvertingJsonObjectToJavaObject_Unmarshalling -->
